JPushExample(673242)/build/outputs/logs/manifest-merger-debug-report.txt
-- Merging decision tree log ---
manifest
ADDED from TestDemo\JPushExample(673242)\AndroidManifest.xml:2:1-178:12
	package
		ADDED from TestDemo\JPushExample(673242)\AndroidManifest.xml:3:5-33
	android:versionName
		ADDED from TestDemo\JPushExample(673242)\AndroidManifest.xml:5:5-32
		INJECTED from TestDemo\JPushExample(673242)\AndroidManifest.xml
		INJECTED from TestDemo\JPushExample(673242)\AndroidManifest.xml
	android:versionCode
		ADDED from TestDemo\JPushExample(673242)\AndroidManifest.xml:4:5-30
		INJECTED from TestDemo\JPushExample(673242)\AndroidManifest.xml
		INJECTED from TestDemo\JPushExample(673242)\AndroidManifest.xml
	xmlns:android
		ADDED from TestDemo\JPushExample(673242)\AndroidManifest.xml:2:11-69
uses-sdk
ADDED from TestDemo\JPushExample(673242)\AndroidManifest.xml:7:5-9:41
	android:targetSdkVersion
		ADDED from TestDemo\JPushExample(673242)\AndroidManifest.xml:9:9-38
	android:minSdkVersion
		ADDED from TestDemo\JPushExample(673242)\AndroidManifest.xml:8:9-34
permission#com.adrian.automat.permission.JPUSH_MESSAGE
ADDED from TestDemo\JPushExample(673242)\AndroidManifest.xml:12:5-14:47
	android:protectionLevel
		ADDED from TestDemo\JPushExample(673242)\AndroidManifest.xml:14:9-44
	android:name
		ADDED from TestDemo\JPushExample(673242)\AndroidManifest.xml:13:9-67
uses-permission#com.adrian.automat.permission.JPUSH_MESSAGE
ADDED from TestDemo\JPushExample(673242)\AndroidManifest.xml:17:5-83
	android:name
		ADDED from TestDemo\JPushExample(673242)\AndroidManifest.xml:17:22-80
uses-permission#android.permission.RECEIVE_USER_PRESENT
ADDED from TestDemo\JPushExample(673242)\AndroidManifest.xml:18:5-79
	android:name
		ADDED from TestDemo\JPushExample(673242)\AndroidManifest.xml:18:22-76
uses-permission#android.permission.INTERNET
ADDED from TestDemo\JPushExample(673242)\AndroidManifest.xml:19:5-67
	android:name
		ADDED from TestDemo\JPushExample(673242)\AndroidManifest.xml:19:22-64
uses-permission#android.permission.WAKE_LOCK
ADDED from TestDemo\JPushExample(673242)\AndroidManifest.xml:20:5-68
	android:name
		ADDED from TestDemo\JPushExample(673242)\AndroidManifest.xml:20:22-65
uses-permission#android.permission.READ_PHONE_STATE
ADDED from TestDemo\JPushExample(673242)\AndroidManifest.xml:21:5-75
	android:name
		ADDED from TestDemo\JPushExample(673242)\AndroidManifest.xml:21:22-72
uses-permission#android.permission.WRITE_EXTERNAL_STORAGE
ADDED from TestDemo\JPushExample(673242)\AndroidManifest.xml:22:5-81
	android:name
		ADDED from TestDemo\JPushExample(673242)\AndroidManifest.xml:22:22-78
uses-permission#android.permission.READ_EXTERNAL_STORAGE
ADDED from TestDemo\JPushExample(673242)\AndroidManifest.xml:23:5-80
	android:name
		ADDED from TestDemo\JPushExample(673242)\AndroidManifest.xml:23:22-77
uses-permission#android.permission.WRITE_SETTINGS
ADDED from TestDemo\JPushExample(673242)\AndroidManifest.xml:24:5-73
	android:name
		ADDED from TestDemo\JPushExample(673242)\AndroidManifest.xml:24:22-70
uses-permission#android.permission.VIBRATE
ADDED from TestDemo\JPushExample(673242)\AndroidManifest.xml:25:5-66
	android:name
		ADDED from TestDemo\JPushExample(673242)\AndroidManifest.xml:25:22-63
uses-permission#android.permission.MOUNT_UNMOUNT_FILESYSTEMS
ADDED from TestDemo\JPushExample(673242)\AndroidManifest.xml:26:5-84
	android:name
		ADDED from TestDemo\JPushExample(673242)\AndroidManifest.xml:26:22-81
uses-permission#android.permission.ACCESS_NETWORK_STATE
ADDED from TestDemo\JPushExample(673242)\AndroidManifest.xml:27:5-79
	android:name
		ADDED from TestDemo\JPushExample(673242)\AndroidManifest.xml:27:22-76
uses-permission#android.permission.ACCESS_WIFI_STATE
ADDED from TestDemo\JPushExample(673242)\AndroidManifest.xml:28:5-76
	android:name
		ADDED from TestDemo\JPushExample(673242)\AndroidManifest.xml:28:22-73
uses-permission#android.permission.SYSTEM_ALERT_WINDOW
ADDED from TestDemo\JPushExample(673242)\AndroidManifest.xml:32:5-78
	android:name
		ADDED from TestDemo\JPushExample(673242)\AndroidManifest.xml:32:22-75
uses-permission#android.permission.ACCESS_COARSE_LOCATION
ADDED from TestDemo\JPushExample(673242)\AndroidManifest.xml:33:5-81
	android:name
		ADDED from TestDemo\JPushExample(673242)\AndroidManifest.xml:33:22-78
uses-permission#android.permission.CHANGE_WIFI_STATE
ADDED from TestDemo\JPushExample(673242)\AndroidManifest.xml:34:5-76
	android:name
		ADDED from TestDemo\JPushExample(673242)\AndroidManifest.xml:34:22-73
uses-permission#android.permission.ACCESS_FINE_LOCATION
ADDED from TestDemo\JPushExample(673242)\AndroidManifest.xml:35:5-79
	android:name
		ADDED from TestDemo\JPushExample(673242)\AndroidManifest.xml:35:22-76
uses-permission#android.permission.ACCESS_LOCATION_EXTRA_COMMANDS
ADDED from TestDemo\JPushExample(673242)\AndroidManifest.xml:36:5-89
	android:name
		ADDED from TestDemo\JPushExample(673242)\AndroidManifest.xml:36:22-86
uses-permission#android.permission.CHANGE_NETWORK_STATE
ADDED from TestDemo\JPushExample(673242)\AndroidManifest.xml:37:5-79
	android:name
		ADDED from TestDemo\JPushExample(673242)\AndroidManifest.xml:37:22-76
uses-permission#android.permission.GET_TASKS
ADDED from TestDemo\JPushExample(673242)\AndroidManifest.xml:38:5-68
	android:name
		ADDED from TestDemo\JPushExample(673242)\AndroidManifest.xml:38:22-65
application
ADDED from TestDemo\JPushExample(673242)\AndroidManifest.xml:40:5-177:19
	android:label
		ADDED from TestDemo\JPushExample(673242)\AndroidManifest.xml:43:9-41
	android:allowBackup
		ADDED from TestDemo\JPushExample(673242)\AndroidManifest.xml:42:9-36
	android:icon
		ADDED from TestDemo\JPushExample(673242)\AndroidManifest.xml:41:9-45
	android:name
		ADDED from TestDemo\JPushExample(673242)\AndroidManifest.xml:44:9-64
activity#com.example.jpushdemo.MainActivity
ADDED from TestDemo\JPushExample(673242)\AndroidManifest.xml:47:9-54:20
	android:label
		ADDED from TestDemo\JPushExample(673242)\AndroidManifest.xml:49:13-45
	android:name
		ADDED from TestDemo\JPushExample(673242)\AndroidManifest.xml:48:13-62
intent-filter#android.intent.action.MAIN+android.intent.category.LAUNCHER
ADDED from TestDemo\JPushExample(673242)\AndroidManifest.xml:50:13-53:29
action#android.intent.action.MAIN
ADDED from TestDemo\JPushExample(673242)\AndroidManifest.xml:51:17-69
	android:name
		ADDED from TestDemo\JPushExample(673242)\AndroidManifest.xml:51:25-66
category#android.intent.category.LAUNCHER
ADDED from TestDemo\JPushExample(673242)\AndroidManifest.xml:52:17-77
	android:name
		ADDED from TestDemo\JPushExample(673242)\AndroidManifest.xml:52:27-74
activity#com.example.jpushdemo.PushSetActivity
ADDED from TestDemo\JPushExample(673242)\AndroidManifest.xml:56:9-58:57
	android:label
		ADDED from TestDemo\JPushExample(673242)\AndroidManifest.xml:58:13-45
	android:name
		ADDED from TestDemo\JPushExample(673242)\AndroidManifest.xml:57:13-65
activity#com.example.jpushdemo.SettingActivity
ADDED from TestDemo\JPushExample(673242)\AndroidManifest.xml:60:9-62:57
	android:label
		ADDED from TestDemo\JPushExample(673242)\AndroidManifest.xml:62:13-45
	android:name
		ADDED from TestDemo\JPushExample(673242)\AndroidManifest.xml:61:13-65
activity#com.example.jpushdemo.TestActivity
ADDED from TestDemo\JPushExample(673242)\AndroidManifest.xml:64:9-71:20
	android:exported
		ADDED from TestDemo\JPushExample(673242)\AndroidManifest.xml:66:13-37
	android:name
		ADDED from TestDemo\JPushExample(673242)\AndroidManifest.xml:65:13-62
intent-filter#jpush.testAction+jpush.testCategory
ADDED from TestDemo\JPushExample(673242)\AndroidManifest.xml:67:13-70:29
action#jpush.testAction
ADDED from TestDemo\JPushExample(673242)\AndroidManifest.xml:68:17-59
	android:name
		ADDED from TestDemo\JPushExample(673242)\AndroidManifest.xml:68:25-56
category#jpush.testCategory
ADDED from TestDemo\JPushExample(673242)\AndroidManifest.xml:69:17-63
	android:name
		ADDED from TestDemo\JPushExample(673242)\AndroidManifest.xml:69:27-60
activity#cn.jpush.android.ui.PopWinActivity
ADDED from TestDemo\JPushExample(673242)\AndroidManifest.xml:74:9-77:49
	android:exported
		ADDED from TestDemo\JPushExample(673242)\AndroidManifest.xml:77:13-37
	android:theme
		ADDED from TestDemo\JPushExample(673242)\AndroidManifest.xml:76:13-49
	android:name
		ADDED from TestDemo\JPushExample(673242)\AndroidManifest.xml:75:13-62
activity#cn.jpush.android.ui.PushActivity
ADDED from TestDemo\JPushExample(673242)\AndroidManifest.xml:80:9-91:20
	android:exported
		ADDED from TestDemo\JPushExample(673242)\AndroidManifest.xml:84:13-37
	android:configChanges
		ADDED from TestDemo\JPushExample(673242)\AndroidManifest.xml:82:13-63
	android:theme
		ADDED from TestDemo\JPushExample(673242)\AndroidManifest.xml:83:13-60
	android:name
		ADDED from TestDemo\JPushExample(673242)\AndroidManifest.xml:81:13-60
intent-filter#android.intent.category.DEFAULT+cn.jpush.android.ui.PushActivity+com.adrian.automat
ADDED from TestDemo\JPushExample(673242)\AndroidManifest.xml:85:13-90:29
action#cn.jpush.android.ui.PushActivity
ADDED from TestDemo\JPushExample(673242)\AndroidManifest.xml:86:17-75
	android:name
		ADDED from TestDemo\JPushExample(673242)\AndroidManifest.xml:86:25-72
category#android.intent.category.DEFAULT
ADDED from TestDemo\JPushExample(673242)\AndroidManifest.xml:88:17-76
	android:name
		ADDED from TestDemo\JPushExample(673242)\AndroidManifest.xml:88:27-73
category#com.adrian.automat
ADDED from TestDemo\JPushExample(673242)\AndroidManifest.xml:89:17-63
	android:name
		ADDED from TestDemo\JPushExample(673242)\AndroidManifest.xml:89:27-60
service#cn.jpush.android.service.PushService
ADDED from TestDemo\JPushExample(673242)\AndroidManifest.xml:95:9-105:19
	android:process
		ADDED from TestDemo\JPushExample(673242)\AndroidManifest.xml:97:13-36
	android:exported
		ADDED from TestDemo\JPushExample(673242)\AndroidManifest.xml:98:13-37
	android:name
		ADDED from TestDemo\JPushExample(673242)\AndroidManifest.xml:96:13-64
intent-filter#cn.jpush.android.intent.PUSH_TIME+cn.jpush.android.intent.PushService+cn.jpush.android.intent.REGISTER+cn.jpush.android.intent.REPORT
ADDED from TestDemo\JPushExample(673242)\AndroidManifest.xml:99:13-104:29
action#cn.jpush.android.intent.REGISTER
ADDED from TestDemo\JPushExample(673242)\AndroidManifest.xml:100:17-75
	android:name
		ADDED from TestDemo\JPushExample(673242)\AndroidManifest.xml:100:25-72
action#cn.jpush.android.intent.REPORT
ADDED from TestDemo\JPushExample(673242)\AndroidManifest.xml:101:17-73
	android:name
		ADDED from TestDemo\JPushExample(673242)\AndroidManifest.xml:101:25-70
action#cn.jpush.android.intent.PushService
ADDED from TestDemo\JPushExample(673242)\AndroidManifest.xml:102:17-78
	android:name
		ADDED from TestDemo\JPushExample(673242)\AndroidManifest.xml:102:25-75
action#cn.jpush.android.intent.PUSH_TIME
ADDED from TestDemo\JPushExample(673242)\AndroidManifest.xml:103:17-76
	android:name
		ADDED from TestDemo\JPushExample(673242)\AndroidManifest.xml:103:25-73
service#cn.jpush.android.service.DaemonService
ADDED from TestDemo\JPushExample(673242)\AndroidManifest.xml:109:9-118:19
	android:enabled
		ADDED from TestDemo\JPushExample(673242)\AndroidManifest.xml:111:13-35
	android:exported
		ADDED from TestDemo\JPushExample(673242)\AndroidManifest.xml:112:13-36
	android:name
		ADDED from TestDemo\JPushExample(673242)\AndroidManifest.xml:110:13-66
intent-filter#cn.jpush.android.intent.DaemonService+com.adrian.automat
ADDED from TestDemo\JPushExample(673242)\AndroidManifest.xml:113:13-116:29
action#cn.jpush.android.intent.DaemonService
ADDED from TestDemo\JPushExample(673242)\AndroidManifest.xml:114:17-80
	android:name
		ADDED from TestDemo\JPushExample(673242)\AndroidManifest.xml:114:25-77
receiver#cn.jpush.android.service.PushReceiver
ADDED from TestDemo\JPushExample(673242)\AndroidManifest.xml:121:9-140:20
	android:enabled
		ADDED from TestDemo\JPushExample(673242)\AndroidManifest.xml:123:13-35
	android:exported
		ADDED from TestDemo\JPushExample(673242)\AndroidManifest.xml:124:13-37
	android:name
		ADDED from TestDemo\JPushExample(673242)\AndroidManifest.xml:122:13-65
intent-filter#cn.jpush.android.intent.NOTIFICATION_RECEIVED_PROXY+com.adrian.automat
ADDED from TestDemo\JPushExample(673242)\AndroidManifest.xml:125:13-128:29
	android:priority
		ADDED from TestDemo\JPushExample(673242)\AndroidManifest.xml:125:28-51
action#cn.jpush.android.intent.NOTIFICATION_RECEIVED_PROXY
ADDED from TestDemo\JPushExample(673242)\AndroidManifest.xml:126:17-94
	android:name
		ADDED from TestDemo\JPushExample(673242)\AndroidManifest.xml:126:25-91
intent-filter#android.intent.action.USER_PRESENT+android.net.conn.CONNECTIVITY_CHANGE
ADDED from TestDemo\JPushExample(673242)\AndroidManifest.xml:129:13-132:29
action#android.intent.action.USER_PRESENT
ADDED from TestDemo\JPushExample(673242)\AndroidManifest.xml:130:17-77
	android:name
		ADDED from TestDemo\JPushExample(673242)\AndroidManifest.xml:130:25-74
action#android.net.conn.CONNECTIVITY_CHANGE
ADDED from TestDemo\JPushExample(673242)\AndroidManifest.xml:131:17-79
	android:name
		ADDED from TestDemo\JPushExample(673242)\AndroidManifest.xml:131:25-76
intent-filter#android.intent.action.PACKAGE_ADDED+android.intent.action.PACKAGE_REMOVED
ADDED from TestDemo\JPushExample(673242)\AndroidManifest.xml:134:13-139:29
action#android.intent.action.PACKAGE_ADDED
ADDED from TestDemo\JPushExample(673242)\AndroidManifest.xml:135:17-78
	android:name
		ADDED from TestDemo\JPushExample(673242)\AndroidManifest.xml:135:25-75
action#android.intent.action.PACKAGE_REMOVED
ADDED from TestDemo\JPushExample(673242)\AndroidManifest.xml:136:17-80
	android:name
		ADDED from TestDemo\JPushExample(673242)\AndroidManifest.xml:136:25-77
data
ADDED from TestDemo\JPushExample(673242)\AndroidManifest.xml:138:17-50
	android:scheme
		ADDED from TestDemo\JPushExample(673242)\AndroidManifest.xml:138:23-47
receiver#cn.jpush.android.service.AlarmReceiver
ADDED from TestDemo\JPushExample(673242)\AndroidManifest.xml:143:9-145:40
	android:exported
		ADDED from TestDemo\JPushExample(673242)\AndroidManifest.xml:145:13-37
	android:name
		ADDED from TestDemo\JPushExample(673242)\AndroidManifest.xml:144:13-66
receiver#com.example.jpushdemo.MyReceiver
ADDED from TestDemo\JPushExample(673242)\AndroidManifest.xml:148:9-160:20
	android:enabled
		ADDED from TestDemo\JPushExample(673242)\AndroidManifest.xml:151:13-35
	android:exported
		ADDED from TestDemo\JPushExample(673242)\AndroidManifest.xml:150:13-37
	android:name
		ADDED from TestDemo\JPushExample(673242)\AndroidManifest.xml:149:13-60
intent-filter#cn.jpush.android.intent.CONNECTION+cn.jpush.android.intent.MESSAGE_RECEIVED+cn.jpush.android.intent.NOTIFICATION_OPENED+cn.jpush.android.intent.NOTIFICATION_RECEIVED+cn.jpush.android.intent.REGISTRATION+com.adrian.automat
ADDED from TestDemo\JPushExample(673242)\AndroidManifest.xml:152:13-159:29
action#cn.jpush.android.intent.REGISTRATION
ADDED from TestDemo\JPushExample(673242)\AndroidManifest.xml:153:17-79
	android:name
		ADDED from TestDemo\JPushExample(673242)\AndroidManifest.xml:153:25-76
action#cn.jpush.android.intent.MESSAGE_RECEIVED
ADDED from TestDemo\JPushExample(673242)\AndroidManifest.xml:154:17-83
	android:name
		ADDED from TestDemo\JPushExample(673242)\AndroidManifest.xml:154:25-80
action#cn.jpush.android.intent.NOTIFICATION_RECEIVED
ADDED from TestDemo\JPushExample(673242)\AndroidManifest.xml:155:17-88
	android:name
		ADDED from TestDemo\JPushExample(673242)\AndroidManifest.xml:155:25-85
action#cn.jpush.android.intent.NOTIFICATION_OPENED
ADDED from TestDemo\JPushExample(673242)\AndroidManifest.xml:156:17-86
	android:name
		ADDED from TestDemo\JPushExample(673242)\AndroidManifest.xml:156:25-83
action#cn.jpush.android.intent.CONNECTION
ADDED from TestDemo\JPushExample(673242)\AndroidManifest.xml:157:17-77
	android:name
		ADDED from TestDemo\JPushExample(673242)\AndroidManifest.xml:157:25-74
receiver#com.example.jpushdemo.MyJPushMessageReceiver
ADDED from TestDemo\JPushExample(673242)\AndroidManifest.xml:163:9-168:20
	android:name
		ADDED from TestDemo\JPushExample(673242)\AndroidManifest.xml:163:19-78
intent-filter#cn.jpush.android.intent.RECEIVE_MESSAGE+com.adrian.automat
ADDED from TestDemo\JPushExample(673242)\AndroidManifest.xml:164:13-167:29
action#cn.jpush.android.intent.RECEIVE_MESSAGE
ADDED from TestDemo\JPushExample(673242)\AndroidManifest.xml:165:17-82
	android:name
		ADDED from TestDemo\JPushExample(673242)\AndroidManifest.xml:165:25-79
meta-data#JPUSH_CHANNEL
ADDED from TestDemo\JPushExample(673242)\AndroidManifest.xml:170:9-172:49
	android:value
		ADDED from TestDemo\JPushExample(673242)\AndroidManifest.xml:172:13-46
	android:name
		ADDED from TestDemo\JPushExample(673242)\AndroidManifest.xml:171:13-41
meta-data#JPUSH_APPKEY
ADDED from TestDemo\JPushExample(673242)\AndroidManifest.xml:173:9-175:56
	android:value
		ADDED from TestDemo\JPushExample(673242)\AndroidManifest.xml:175:13-53
	android:name
		ADDED from TestDemo\JPushExample(673242)\AndroidManifest.xml:174:13-40